<?xml version="1.0" encoding="UTF-8"?>
<testsuite name="com.tr.selenium.tests.GroupCreationTests" tests="1" skipped="0" failures="0" errors="0" timestamp="2018-03-13T17:13:56" hostname="Airin" time="1.331">
  <properties/>
  <testcase name="groupCreationTest" classname="com.tr.selenium.tests.GroupCreationTests" time="1.331"/>
  <system-out><![CDATA[]]></system-out>
  <system-err><![CDATA[]]></system-err>
</testsuite>
